<?xml version="1.0" encoding="UTF-8"?>
<testsuite xmlns:xsi="http://www.w3.org/2001/XMLSchema-instance" xsi:noNamespaceSchemaLocation="https://maven.apache.org/surefire/maven-surefire-plugin/xsd/surefire-test-report-3.0.xsd" version="3.0" name="com.cli_taskmanager.factory.TaskFactoryTest" time="0.021" tests="3" errors="0" skipped="0" failures="1">
  <properties>
[...]
</properties>
  <testcase name="testCreateSimpleTask" classname="com.cli_taskmanager.factory.TaskFactoryTest" time="0.003"/>
  <testcase name="testInvalidTypeThrowsException" classname="com.cli_taskmanager.factory.TaskFactoryTest" time="0.007">
    <failure message="Unexpected exception type thrown, expected: &lt;java.lang.IllegalArgumentException&gt; but was: &lt;java.lang.NullPointerException&gt;" type="org.opentest4j.AssertionFailedError"><![CDATA[org.opentest4j.AssertionFailedError: Unexpected exception type thrown, expected: <java.lang.IllegalArgumentException> but was: <java.lang.NullPointerException>
	at org.junit.jupiter.api.AssertionFailureBuilder.build(AssertionFailureBuilder.java:151)
	at org.junit.jupiter.api.AssertThrows.assertThrows(AssertThrows.java:67)
	at org.junit.jupiter.api.AssertThrows.assertThrows(AssertThrows.java:35)
	at org.junit.jupiter.api.Assertions.assertThrows(Assertions.java:3111)
	at com.cli_taskmanager.factory.TaskFactoryTest.testInvalidTypeThrowsException(TaskFactoryTest.java:30)
	at java.base/java.lang.reflect.Method.invoke(Method.java:580)
	at java.base/java.util.ArrayList.forEach(ArrayList.java:1596)
	at java.base/java.util.ArrayList.forEach(ArrayList.java:1596)
Caused by: java.lang.NullPointerException: Cannot invoke "com.cli_taskmanager.factory.TaskType.ordinal()" because "type" is null
	at com.cli_taskmanager.factory.TaskFactoryImplementation.createTask(TaskFactoryImplementation.java:10)
	at com.cli_taskmanager.factory.TaskFactoryTest.lambda$testInvalidTypeThrowsException$0(TaskFactoryTest.java:31)
	at org.junit.jupiter.api.AssertThrows.assertThrows(AssertThrows.java:53)
	... 6 more
]]></failure>
  </testcase>
  <testcase name="testCreateCompositeTask" classname="com.cli_taskmanager.factory.TaskFactoryTest" time="0.001"/>
</testsuite>