<?xml version="1.0" encoding="UTF-8"?>
<testsuite xmlns:xsi="http://www.w3.org/2001/XMLSchema-instance" xsi:noNamespaceSchemaLocation="https://maven.apache.org/surefire/maven-surefire-plugin/xsd/surefire-test-report-3.0.xsd" version="3.0" name="com.cli_taskmanager.manager.TaskManagerImplementationTest" time="0.838" tests="5" errors="0" skipped="0" failures="1">
  <properties>
[...]
</properties>
  <testcase name="testAddAndGetTask" classname="com.cli_taskmanager.manager.TaskManagerImplementationTest" time="0.807">
    <system-err><![CDATA[giu 18, 2025 8:13:35 AM com.cli_taskmanager.manager.TaskManagerImplementation clearAllTasks
INFORMAZIONI: All Tasks have been removed
WARNING: A Java agent has been loaded dynamically (C:\Users\claxl\.m2\repository\net\bytebuddy\byte-buddy-agent\1.14.12\byte-buddy-agent-1.14.12.jar)
WARNING: If a serviceability tool is in use, please run with -XX:+EnableDynamicAgentLoading to hide this warning
WARNING: If a serviceability tool is not in use, please run with -Djdk.instrument.traceUsage for more information
WARNING: Dynamic loading of agents will be disallowed by default in a future release
giu 18, 2025 8:13:36 AM com.cli_taskmanager.manager.TaskManagerImplementation addTask
INFORMAZIONI: Added Task with ID: task1
]]></system-err>
  </testcase>
  <testcase name="testClearAllTasks" classname="com.cli_taskmanager.manager.TaskManagerImplementationTest" time="0.004">
    <system-err><![CDATA[giu 18, 2025 8:13:36 AM com.cli_taskmanager.manager.TaskManagerImplementation clearAllTasks
INFORMAZIONI: All Tasks have been removed
giu 18, 2025 8:13:36 AM com.cli_taskmanager.manager.TaskManagerImplementation addTask
INFORMAZIONI: Added Task with ID: task1
giu 18, 2025 8:13:36 AM com.cli_taskmanager.manager.TaskManagerImplementation addTask
INFORMAZIONI: Added Task with ID: task2
giu 18, 2025 8:13:36 AM com.cli_taskmanager.manager.TaskManagerImplementation clearAllTasks
INFORMAZIONI: All Tasks have been removed
]]></system-err>
  </testcase>
  <testcase name="testExecuteTask" classname="com.cli_taskmanager.manager.TaskManagerImplementationTest" time="0.013">
    <system-err><![CDATA[giu 18, 2025 8:13:36 AM com.cli_taskmanager.manager.TaskManagerImplementation clearAllTasks
INFORMAZIONI: All Tasks have been removed
giu 18, 2025 8:13:36 AM com.cli_taskmanager.manager.TaskManagerImplementation addTask
INFORMAZIONI: Added Task with ID: task3
giu 18, 2025 8:13:36 AM com.cli_taskmanager.manager.TaskManagerImplementation executeTask
INFORMAZIONI: Executing Task with ID: task3
]]></system-err>
  </testcase>
  <testcase name="testRemoveTask" classname="com.cli_taskmanager.manager.TaskManagerImplementationTest" time="0.004">
    <system-err><![CDATA[giu 18, 2025 8:13:36 AM com.cli_taskmanager.manager.TaskManagerImplementation clearAllTasks
INFORMAZIONI: All Tasks have been removed
giu 18, 2025 8:13:36 AM com.cli_taskmanager.manager.TaskManagerImplementation addTask
INFORMAZIONI: Added Task with ID: task2
giu 18, 2025 8:13:36 AM com.cli_taskmanager.manager.TaskManagerImplementation removeTask
INFORMAZIONI: Removed Task with ID: task2
]]></system-err>
  </testcase>
  <testcase name="testExecuteNonExistingTaskThrowException" classname="com.cli_taskmanager.manager.TaskManagerImplementationTest" time="0.006">
    <failure message="expected: &lt;true&gt; but was: &lt;false&gt;" type="org.opentest4j.AssertionFailedError"><![CDATA[org.opentest4j.AssertionFailedError: expected: <true> but was: <false>
	at org.junit.jupiter.api.AssertionFailureBuilder.build(AssertionFailureBuilder.java:151)
	at org.junit.jupiter.api.AssertionFailureBuilder.buildAndThrow(AssertionFailureBuilder.java:132)
	at org.junit.jupiter.api.AssertTrue.failNotTrue(AssertTrue.java:63)
	at org.junit.jupiter.api.AssertTrue.assertTrue(AssertTrue.java:36)
	at org.junit.jupiter.api.AssertTrue.assertTrue(AssertTrue.java:31)
	at org.junit.jupiter.api.Assertions.assertTrue(Assertions.java:179)
	at com.cli_taskmanager.manager.TaskManagerImplementationTest.testExecuteNonExistingTaskThrowException(TaskManagerImplementationTest.java:77)
	at java.base/java.lang.reflect.Method.invoke(Method.java:580)
	at java.base/java.util.ArrayList.forEach(ArrayList.java:1596)
	at java.base/java.util.ArrayList.forEach(ArrayList.java:1596)
]]></failure>
    <system-err><![CDATA[giu 18, 2025 8:13:36 AM com.cli_taskmanager.manager.TaskManagerImplementation clearAllTasks
INFORMAZIONI: All Tasks have been removed
giu 18, 2025 8:13:36 AM com.cli_taskmanager.manager.TaskManagerImplementation executeTask
AVVERTENZA: Task with ID: nonexisting not found
]]></system-err>
  </testcase>
</testsuite>